#
# There is insufficient memory for the Java Runtime Environment to continue.
# Native memory allocation (mmap) failed to map 65536 bytes for Failed to commit metaspace.
# Possible reasons:
#   The system is out of physical RAM or swap space
#   The process is running with CompressedOops enabled, and the Java Heap may be blocking the growth of the native heap
# Possible solutions:
#   Reduce memory load on the system
#   Increase physical memory or swap space
#   Check if swap backing store is full
#   Decrease Java heap size (-Xmx/-Xms)
#   Decrease number of Java threads
#   Decrease Java thread stack sizes (-Xss)
#   Set larger code cache with -XX:ReservedCodeCacheSize=
#   JVM is running with Unscaled Compressed Oops mode in which the Java heap is
#     placed in the first 4GB address space. The Java Heap base address is the
#     maximum limit for the native heap growth. Please use -XX:HeapBaseMinAddress
#     to set the Java Heap base and to place the Java Heap above 4GB virtual address.
# This output file may be truncated or incomplete.
#
#  Out of Memory Error (virtualSpaceNode.cpp:110), pid=14164, tid=11720
#
# JRE version: OpenJDK Runtime Environment Temurin-17.0.3+7 (17.0.3+7) (build 17.0.3+7)
# Java VM: OpenJDK 64-Bit Server VM Temurin-17.0.3+7 (17.0.3+7, mixed mode, emulated-client, tiered, compressed oops, compressed class ptrs, g1 gc, windows-amd64)
# No core dump will be written. Minidumps are not enabled by default on client versions of Windows
#

---------------  S U M M A R Y ------------

Command Line: -Dcom.sun.management.jmxremote -Dcom.sun.management.jmxremote.port=55566 -Dcom.sun.management.jmxremote.authenticate=false -Dcom.sun.management.jmxremote.ssl=false -Djava.rmi.server.hostname=localhost -Dspring.jmx.enabled=true -Dspring.application.admin.enabled=true -XX:TieredStopAtLevel=1 -Dspring.boot.project.name=US_Staffing_repo -Dfile.encoding=UTF-8 -XX:+ShowCodeDetailsInExceptionMessages com.closure.UsStaffingAppDemoApplication --spring.output.ansi.enabled=always

Host: Intel(R) Core(TM) i5-4570T CPU @ 2.90GHz, 4 cores, 7G,  Windows 10 , 64 bit Build 18362 (10.0.18362.1350)
Time: Mon Jan  2 18:04:32 2023 India Standard Time elapsed time: 4.085428 seconds (0d 0h 0m 4s)

---------------  T H R E A D  ---------------

Current thread (0x00000257ffb052a0):  JavaThread "restartedMain" [_thread_in_vm, id=11720, stack(0x000000dbfbb00000,0x000000dbfbc00000)]

Stack: [0x000000dbfbb00000,0x000000dbfbc00000]
Native frames: (J=compiled Java code, j=interpreted, Vv=VM code, C=native code)
V  [jvm.dll+0x675efa]
V  [jvm.dll+0x830a24]
V  [jvm.dll+0x8321ce]
V  [jvm.dll+0x832833]
V  [jvm.dll+0x2454b5]
V  [jvm.dll+0x82c9cb]
V  [jvm.dll+0x61ab26]
V  [jvm.dll+0x1c046e]
V  [jvm.dll+0x61d471]
V  [jvm.dll+0x61b4c6]
V  [jvm.dll+0x23ae70]
V  [jvm.dll+0x124d52]
V  [jvm.dll+0x24daf4]
V  [jvm.dll+0x24edf5]
V  [jvm.dll+0x1e28e5]
V  [jvm.dll+0x1e1e6d]
V  [jvm.dll+0x53bba9]
V  [jvm.dll+0x7aba28]
V  [jvm.dll+0x7abb14]
V  [jvm.dll+0x40c7c5]
V  [jvm.dll+0x4129b8]
C  [java.dll+0x17ec]

Java frames: (J=compiled Java code, j=interpreted, Vv=VM code)
J 1182  java.lang.ClassLoader.defineClass1(Ljava/lang/ClassLoader;Ljava/lang/String;[BIILjava/security/ProtectionDomain;Ljava/lang/String;)Ljava/lang/Class; java.base@17.0.3 (0 bytes) @ 0x00000257f86c7d5b [0x00000257f86c7ca0+0x00000000000000bb]
J 1199 c1 java.lang.ClassLoader.defineClass(Ljava/lang/String;[BIILjava/security/ProtectionDomain;)Ljava/lang/Class; java.base@17.0.3 (43 bytes) @ 0x00000257f86d06dc [0x00000257f86d05e0+0x00000000000000fc]
J 1202 c1 jdk.internal.loader.BuiltinClassLoader.defineClass(Ljava/lang/String;Ljdk/internal/loader/Resource;)Ljava/lang/Class; java.base@17.0.3 (121 bytes) @ 0x00000257f86d39c4 [0x00000257f86d3520+0x00000000000004a4]
J 1184 c1 jdk.internal.loader.BuiltinClassLoader.findClassOnClassPathOrNull(Ljava/lang/String;)Ljava/lang/Class; java.base@17.0.3 (64 bytes) @ 0x00000257f86c9e1c [0x00000257f86c9b80+0x000000000000029c]
J 952 c1 jdk.internal.loader.BuiltinClassLoader.loadClassOrNull(Ljava/lang/String;Z)Ljava/lang/Class; java.base@17.0.3 (143 bytes) @ 0x00000257f85d9a44 [0x00000257f85d9600+0x0000000000000444]
J 1097 c1 jdk.internal.loader.ClassLoaders$AppClassLoader.loadClass(Ljava/lang/String;Z)Ljava/lang/Class; java.base@17.0.3 (40 bytes) @ 0x00000257f86a3c24 [0x00000257f86a3ae0+0x0000000000000144]
J 1091 c1 java.lang.ClassLoader.loadClass(Ljava/lang/String;)Ljava/lang/Class; java.base@17.0.3 (7 bytes) @ 0x00000257f86a2264 [0x00000257f86a2220+0x0000000000000044]
v  ~StubRoutines::call_stub
J 1182  java.lang.ClassLoader.defineClass1(Ljava/lang/ClassLoader;Ljava/lang/String;[BIILjava/security/ProtectionDomain;Ljava/lang/String;)Ljava/lang/Class; java.base@17.0.3 (0 bytes) @ 0x00000257f86c7d5b [0x00000257f86c7ca0+0x00000000000000bb]
J 1199 c1 java.lang.ClassLoader.defineClass(Ljava/lang/String;[BIILjava/security/ProtectionDomain;)Ljava/lang/Class; java.base@17.0.3 (43 bytes) @ 0x00000257f86d06dc [0x00000257f86d05e0+0x00000000000000fc]
J 1202 c1 jdk.internal.loader.BuiltinClassLoader.defineClass(Ljava/lang/String;Ljdk/internal/loader/Resource;)Ljava/lang/Class; java.base@17.0.3 (121 bytes) @ 0x00000257f86d39c4 [0x00000257f86d3520+0x00000000000004a4]
J 1184 c1 jdk.internal.loader.BuiltinClassLoader.findClassOnClassPathOrNull(Ljava/lang/String;)Ljava/lang/Class; java.base@17.0.3 (64 bytes) @ 0x00000257f86c9e1c [0x00000257f86c9b80+0x000000000000029c]
J 952 c1 jdk.internal.loader.BuiltinClassLoader.loadClassOrNull(Ljava/lang/String;Z)Ljava/lang/Class; java.base@17.0.3 (143 bytes) @ 0x00000257f85d9a44 [0x00000257f85d9600+0x0000000000000444]
J 1097 c1 jdk.internal.loader.ClassLoaders$AppClassLoader.loadClass(Ljava/lang/String;Z)Ljava/lang/Class; java.base@17.0.3 (40 bytes) @ 0x00000257f86a3c24 [0x00000257f86a3ae0+0x0000000000000144]
J 1091 c1 java.lang.ClassLoader.loadClass(Ljava/lang/String;)Ljava/lang/Class; java.base@17.0.3 (7 bytes) @ 0x00000257f86a2264 [0x00000257f86a2220+0x0000000000000044]
v  ~StubRoutines::call_stub
j  net.bytebuddy.description.method.MethodDescription$InDefinedShape$AbstractBase.getReceiverType()Lnet/bytebuddy/description/type/TypeDescription$Generic;+38
j  net.bytebuddy.description.method.MethodDescription$InDefinedShape$AbstractBase$ForLoadedExecutable.getReceiverType()Lnet/bytebuddy/description/type/TypeDescription$Generic;+18
j  net.bytebuddy.description.method.MethodDescription$ForLoadedConstructor.getReceiverType()Lnet/bytebuddy/description/type/TypeDescription$Generic;+1
j  net.bytebuddy.description.method.MethodDescription$TypeSubstituting.getReceiverType()Lnet/bytebuddy/description/type/TypeDescription$Generic;+4
j  net.bytebuddy.description.method.MethodDescription$AbstractBase.asToken(Lnet/bytebuddy/matcher/ElementMatcher;)Lnet/bytebuddy/description/method/MethodDescription$Token;+1
j  net.bytebuddy.description.method.MethodDescription$AbstractBase.asToken(Lnet/bytebuddy/matcher/ElementMatcher;)Lnet/bytebuddy/description/ByteCodeElement$Token;+2
j  net.bytebuddy.description.method.MethodList$AbstractBase.asTokenList(Lnet/bytebuddy/matcher/ElementMatcher;)Lnet/bytebuddy/description/ByteCodeElement$Token$TokenList;+41
j  net.bytebuddy.dynamic.scaffold.subclass.ConstructorStrategy$Default$5.doExtractConstructors(Lnet/bytebuddy/description/type/TypeDescription;)Ljava/util/List;+51
j  net.bytebuddy.dynamic.scaffold.subclass.ConstructorStrategy$Default.extractConstructors(Lnet/bytebuddy/description/type/TypeDescription;)Ljava/util/List;+2
j  net.bytebuddy.dynamic.scaffold.subclass.SubclassDynamicTypeBuilder.applyConstructorStrategy(Lnet/bytebuddy/dynamic/scaffold/InstrumentedType;)Lnet/bytebuddy/dynamic/scaffold/InstrumentedType;+14
j  net.bytebuddy.dynamic.scaffold.subclass.SubclassDynamicTypeBuilder.toTypeWriter(Lnet/bytebuddy/pool/TypePool;)Lnet/bytebuddy/dynamic/scaffold/TypeWriter;+22
j  net.bytebuddy.dynamic.scaffold.subclass.SubclassDynamicTypeBuilder.toTypeWriter()Lnet/bytebuddy/dynamic/scaffold/TypeWriter;+4
j  net.bytebuddy.dynamic.DynamicType$Builder$AbstractBase$UsingTypeWriter.make(Lnet/bytebuddy/dynamic/TypeResolutionStrategy;)Lnet/bytebuddy/dynamic/DynamicType$Unloaded;+1
j  net.bytebuddy.dynamic.DynamicType$Builder$AbstractBase.make()Lnet/bytebuddy/dynamic/DynamicType$Unloaded;+4
j  net.bytebuddy.dynamic.DynamicType$Builder$AbstractBase$Delegator.make()Lnet/bytebuddy/dynamic/DynamicType$Unloaded;+4
j  org.hibernate.bytecode.internal.bytebuddy.ByteBuddyState.make(Lnet/bytebuddy/pool/TypePool;Lnet/bytebuddy/dynamic/DynamicType$Builder;)Lnet/bytebuddy/dynamic/DynamicType$Unloaded;+26
j  org.hibernate.bytecode.internal.bytebuddy.ByteBuddyState.make(Lnet/bytebuddy/dynamic/DynamicType$Builder;)Lnet/bytebuddy/dynamic/DynamicType$Unloaded;+3
j  org.hibernate.bytecode.internal.bytebuddy.ByteBuddyState.lambda$load$0(Ljava/util/function/Function;Ljava/lang/Class;)Ljava/lang/Class;+14
j  org.hibernate.bytecode.internal.bytebuddy.ByteBuddyState$$Lambda$877+0x00000001006f90c0.call()Ljava/lang/Object;+12
j  net.bytebuddy.TypeCache.findOrInsert(Ljava/lang/ClassLoader;Ljava/lang/Object;Ljava/util/concurrent/Callable;)Ljava/lang/Class;+20
j  net.bytebuddy.TypeCache.findOrInsert(Ljava/lang/ClassLoader;Ljava/lang/Object;Ljava/util/concurrent/Callable;Ljava/lang/Object;)Ljava/lang/Class;+26
j  org.hibernate.bytecode.internal.bytebuddy.ByteBuddyState.load(Ljava/lang/Class;Lnet/bytebuddy/TypeCache;Lnet/bytebuddy/TypeCache$SimpleKey;Ljava/util/function/Function;)Ljava/lang/Class;+16
j  org.hibernate.bytecode.internal.bytebuddy.ByteBuddyState.loadProxy(Ljava/lang/Class;Lnet/bytebuddy/TypeCache$SimpleKey;Ljava/util/function/Function;)Ljava/lang/Class;+8
j  org.hibernate.proxy.pojo.bytebuddy.ByteBuddyProxyHelper.buildProxy(Ljava/lang/Class;[Ljava/lang/Class;)Ljava/lang/Class;+62
j  org.hibernate.proxy.pojo.bytebuddy.ByteBuddyProxyFactory.postInstantiate(Ljava/lang/String;Ljava/lang/Class;Ljava/util/Set;Ljava/lang/reflect/Method;Ljava/lang/reflect/Method;Lorg/hibernate/type/CompositeType;)V+55
j  org.hibernate.tuple.entity.PojoEntityTuplizer.buildProxyFactory(Lorg/hibernate/mapping/PersistentClass;Lorg/hibernate/property/access/spi/Getter;Lorg/hibernate/property/access/spi/Setter;)Lorg/hibernate/proxy/ProxyFactory;+104
j  org.hibernate.tuple.entity.AbstractEntityTuplizer.<init>(Lorg/hibernate/tuple/entity/EntityMetamodel;Lorg/hibernate/mapping/PersistentClass;)V+198
j  org.hibernate.tuple.entity.PojoEntityTuplizer.<init>(Lorg/hibernate/tuple/entity/EntityMetamodel;Lorg/hibernate/mapping/PersistentClass;)V+3
v  ~StubRoutines::call_stub
J 1512  jdk.internal.reflect.NativeConstructorAccessorImpl.newInstance0(Ljava/lang/reflect/Constructor;[Ljava/lang/Object;)Ljava/lang/Object; java.base@17.0.3 (0 bytes) @ 0x00000257f8748506 [0x00000257f87484a0+0x0000000000000066]
J 1511 c1 jdk.internal.reflect.NativeConstructorAccessorImpl.newInstance([Ljava/lang/Object;)Ljava/lang/Object; java.base@17.0.3 (122 bytes) @ 0x00000257f8748f9c [0x00000257f8748d00+0x000000000000029c]
J 1452 c1 jdk.internal.reflect.DelegatingConstructorAccessorImpl.newInstance([Ljava/lang/Object;)Ljava/lang/Object; java.base@17.0.3 (9 bytes) @ 0x00000257f87370e4 [0x00000257f87370a0+0x0000000000000044]
J 1446 c1 java.lang.reflect.Constructor.newInstanceWithCaller([Ljava/lang/Object;ZLjava/lang/Class;)Ljava/lang/Object; java.base@17.0.3 (75 bytes) @ 0x00000257f8735cac [0x00000257f8735be0+0x00000000000000cc]
J 1457 c1 java.lang.reflect.Constructor.newInstance([Ljava/lang/Object;)Ljava/lang/Object; java.base@17.0.3 (34 bytes) @ 0x00000257f8739d4c [0x00000257f8739cc0+0x000000000000008c]
j  org.hibernate.tuple.entity.EntityTuplizerFactory.constructTuplizer(Ljava/lang/Class;Lorg/hibernate/tuple/entity/EntityMetamodel;Lorg/hibernate/mapping/PersistentClass;)Lorg/hibernate/tuple/entity/EntityTuplizer;+70
j  org.hibernate.tuple.entity.EntityTuplizerFactory.constructDefaultTuplizer(Lorg/hibernate/EntityMode;Lorg/hibernate/tuple/entity/EntityMetamodel;Lorg/hibernate/mapping/PersistentClass;)Lorg/hibernate/tuple/entity/EntityTuplizer;+57
j  org.hibernate.tuple.entity.EntityMetamodel.<init>(Lorg/hibernate/mapping/PersistentClass;Lorg/hibernate/persister/entity/EntityPersister;Lorg/hibernate/persister/spi/PersisterCreationContext;)V+1814
j  org.hibernate.persister.entity.AbstractEntityPersister.<init>(Lorg/hibernate/mapping/PersistentClass;Lorg/hibernate/cache/spi/access/EntityDataAccess;Lorg/hibernate/cache/spi/access/NaturalIdDataAccess;Lorg/hibernate/persister/spi/PersisterCreationContext;)V+176
j  org.hibernate.persister.entity.SingleTableEntityPersister.<init>(Lorg/hibernate/mapping/PersistentClass;Lorg/hibernate/cache/spi/access/EntityDataAccess;Lorg/hibernate/cache/spi/access/NaturalIdDataAccess;Lorg/hibernate/persister/spi/PersisterCreationContext;)V+6
v  ~StubRoutines::call_stub
J 1512  jdk.internal.reflect.NativeConstructorAccessorImpl.newInstance0(Ljava/lang/reflect/Constructor;[Ljava/lang/Object;)Ljava/lang/Object; java.base@17.0.3 (0 bytes) @ 0x00000257f8748506 [0x00000257f87484a0+0x0000000000000066]
J 1511 c1 jdk.internal.reflect.NativeConstructorAccessorImpl.newInstance([Ljava/lang/Object;)Ljava/lang/Object; java.base@17.0.3 (122 bytes) @ 0x00000257f8748f9c [0x00000257f8748d00+0x000000000000029c]
J 1452 c1 jdk.internal.reflect.DelegatingConstructorAccessorImpl.newInstance([Ljava/lang/Object;)Ljava/lang/Object; java.base@17.0.3 (9 bytes) @ 0x00000257f87370e4 [0x00000257f87370a0+0x0000000000000044]
J 1446 c1 java.lang.reflect.Constructor.newInstanceWithCaller([Ljava/lang/Object;ZLjava/lang/Class;)Ljava/lang/Object; java.base@17.0.3 (75 bytes) @ 0x00000257f8735cac [0x00000257f8735be0+0x00000000000000cc]
J 1457 c1 java.lang.reflect.Constructor.newInstance([Ljava/lang/Object;)Ljava/lang/Object; java.base@17.0.3 (34 bytes) @ 0x00000257f8739d4c [0x00000257f8739cc0+0x000000000000008c]
j  org.hibernate.persister.internal.PersisterFactoryImpl.createEntityPersister(Ljava/lang/Class;Lorg/hibernate/mapping/PersistentClass;Lorg/hibernate/cache/spi/access/EntityDataAccess;Lorg/hibernate/cache/spi/access/NaturalIdDataAccess;Lorg/hibernate/persister/spi/PersisterCreationContext;)Lorg/hibernate/persister/entity/EntityPersister;+33
j  org.hibernate.persister.internal.PersisterFactoryImpl.createEntityPersister(Lorg/hibernate/mapping/PersistentClass;Lorg/hibernate/cache/spi/access/EntityDataAccess;Lorg/hibernate/cache/spi/access/NaturalIdDataAccess;Lorg/hibernate/persister/spi/PersisterCreationContext;)Lorg/hibernate/persister/entity/EntityPersister;+41
j  org.hibernate.metamodel.internal.MetamodelImpl.initialize(Lorg/hibernate/boot/spi/MetadataImplementor;Lorg/hibernate/metamodel/internal/JpaMetaModelPopulationSetting;)V+148
j  org.hibernate.internal.SessionFactoryImpl.<init>(Lorg/hibernate/boot/spi/MetadataImplementor;Lorg/hibernate/boot/spi/SessionFactoryOptions;Lorg/hibernate/engine/query/spi/QueryPlanCache$QueryPlanCreator;)V+761
j  org.hibernate.boot.internal.SessionFactoryBuilderImpl.build()Lorg/hibernate/SessionFactory;+64
j  org.hibernate.jpa.boot.internal.EntityManagerFactoryBuilderImpl.build()Ljavax/persistence/EntityManagerFactory;+22
j  org.springframework.orm.jpa.vendor.SpringHibernateJpaPersistenceProvider.createContainerEntityManagerFactory(Ljavax/persistence/spi/PersistenceUnitInfo;Ljava/util/Map;)Ljavax/persistence/EntityManagerFactory;+55
j  org.springframework.orm.jpa.LocalContainerEntityManagerFactoryBean.createNativeEntityManagerFactory()Ljavax/persistence/EntityManagerFactory;+129
j  org.springframework.orm.jpa.AbstractEntityManagerFactoryBean.buildNativeEntityManagerFactory()Ljavax/persistence/EntityManagerFactory;+1
j  org.springframework.orm.jpa.AbstractEntityManagerFactoryBean.afterPropertiesSet()V+192
j  org.springframework.orm.jpa.LocalContainerEntityManagerFactoryBean.afterPropertiesSet()V+77
j  org.springframework.beans.factory.support.AbstractAutowireCapableBeanFactory.invokeInitMethods(Ljava/lang/String;Ljava/lang/Object;Lorg/springframework/beans/factory/support/RootBeanDefinition;)V+106
j  org.springframework.beans.factory.support.AbstractAutowireCapableBeanFactory.initializeBean(Ljava/lang/String;Ljava/lang/Object;Lorg/springframework/beans/factory/support/RootBeanDefinition;)Ljava/lang/Object;+59
j  org.springframework.beans.factory.support.AbstractAutowireCapableBeanFactory.doCreateBean(Ljava/lang/String;Lorg/springframework/beans/factory/support/RootBeanDefinition;[Ljava/lang/Object;)Ljava/lang/Object;+245
j  org.springframework.beans.factory.support.AbstractAutowireCapableBeanFactory.createBean(Ljava/lang/String;Lorg/springframework/beans/factory/support/RootBeanDefinition;[Ljava/lang/Object;)Ljava/lang/Object;+169
j  org.springframework.beans.factory.support.AbstractBeanFactory.lambda$doGetBean$0(Ljava/lang/String;Lorg/springframework/beans/factory/support/RootBeanDefinition;[Ljava/lang/Object;)Ljava/lang/Object;+4
j  org.springframework.beans.factory.support.AbstractBeanFactory$$Lambda$334+0x00000001002d39b8.getObject()Ljava/lang/Object;+16
j  org.springframework.beans.factory.support.DefaultSingletonBeanRegistry.getSingleton(Ljava/lang/String;Lorg/springframework/beans/factory/ObjectFactory;)Ljava/lang/Object;+132
J 3017 c1 org.springframework.beans.factory.support.AbstractBeanFactory.doGetBean(Ljava/lang/String;Ljava/lang/Class;[Ljava/lang/Object;Z)Ljava/lang/Object; (832 bytes) @ 0x00000257f89b30b4 [0x00000257f89b2b00+0x00000000000005b4]
j  org.springframework.beans.factory.support.AbstractBeanFactory.getBean(Ljava/lang/String;)Ljava/lang/Object;+5
j  org.springframework.context.support.AbstractApplicationContext.getBean(Ljava/lang/String;)Ljava/lang/Object;+9
j  org.springframework.context.support.AbstractApplicationContext.finishBeanFactoryInitialization(Lorg/springframework/beans/factory/config/ConfigurableListableBeanFactory;)V+100
j  org.springframework.context.support.AbstractApplicationContext.refresh()V+86
j  org.springframework.boot.web.servlet.context.ServletWebServerApplicationContext.refresh()V+1
j  org.springframework.boot.SpringApplication.refresh(Lorg/springframework/context/ConfigurableApplicationContext;)V+1
j  org.springframework.boot.SpringApplication.refreshContext(Lorg/springframework/context/ConfigurableApplicationContext;)V+16
j  org.springframework.boot.SpringApplication.run([Ljava/lang/String;)Lorg/springframework/context/ConfigurableApplicationContext;+107
j  org.springframework.boot.SpringApplication.run([Ljava/lang/Class;[Ljava/lang/String;)Lorg/springframework/context/ConfigurableApplicationContext;+9
j  org.springframework.boot.SpringApplication.run(Ljava/lang/Class;[Ljava/lang/String;)Lorg/springframework/context/ConfigurableApplicationContext;+9
j  com.closure.UsStaffingAppDemoApplication.main([Ljava/lang/String;)V+3
v  ~StubRoutines::call_stub
j  jdk.internal.reflect.NativeMethodAccessorImpl.invoke0(Ljava/lang/reflect/Method;Ljava/lang/Object;[Ljava/lang/Object;)Ljava/lang/Object;+0 java.base@17.0.3
j  jdk.internal.reflect.NativeMethodAccessorImpl.invoke(Ljava/lang/Object;[Ljava/lang/Object;)Ljava/lang/Object;+133 java.base@17.0.3
j  jdk.internal.reflect.DelegatingMethodAccessorImpl.invoke(Ljava/lang/Object;[Ljava/lang/Object;)Ljava/lang/Object;+6 java.base@17.0.3
j  java.lang.reflect.Method.invoke(Ljava/lang/Object;[Ljava/lang/Object;)Ljava/lang/Object;+59 java.base@17.0.3
j  org.springframework.boot.devtools.restart.RestartLauncher.run()V+42
v  ~StubRoutines::call_stub

---------------  P R O C E S S  ---------------

Threads class SMR info:
_java_thread_list=0x00000257878a1830, length=28, elements={
0x00000257f345f9a0, 0x00000257fe9ca130, 0x00000257fe9cd620, 0x00000257fe9d4cd0,
0x00000257fe9dc3e0, 0x00000257fe9ddbe0, 0x00000257fe9de4a0, 0x00000257ff409560,
0x00000257ff40ca10, 0x00000257fe939dd0, 0x00000257ff50b010, 0x00000257ff605040,
0x00000257ffb52ce0, 0x00000257ffbe5e40, 0x00000257ffbe8050, 0x00000257ffc208d0,
0x00000257fffc0c70, 0x00000257ffb052a0, 0x0000025784da24c0, 0x0000025784e1bad0,
0x0000025784da2990, 0x00000257fffce0c0, 0x00000257fffcea60, 0x00000257fffcef30,
0x00000257fffcf400, 0x00000257fffcd720, 0x00000257fffcf8d0, 0x00000257fffcbf10
}

Java Threads: ( => current thread )
  0x00000257f345f9a0 JavaThread "main" [_thread_blocked, id=140, stack(0x000000dbf9c00000,0x000000dbf9d00000)]
  0x00000257fe9ca130 JavaThread "Reference Handler" daemon [_thread_blocked, id=13704, stack(0x000000dbfa400000,0x000000dbfa500000)]
  0x00000257fe9cd620 JavaThread "Finalizer" daemon [_thread_blocked, id=10980, stack(0x000000dbfa500000,0x000000dbfa600000)]
  0x00000257fe9d4cd0 JavaThread "Signal Dispatcher" daemon [_thread_blocked, id=14172, stack(0x000000dbfa700000,0x000000dbfa800000)]
  0x00000257fe9dc3e0 JavaThread "Attach Listener" daemon [_thread_blocked, id=13368, stack(0x000000dbfa800000,0x000000dbfa900000)]
  0x00000257fe9ddbe0 JavaThread "Service Thread" daemon [_thread_blocked, id=5672, stack(0x000000dbfa900000,0x000000dbfaa00000)]
  0x00000257fe9de4a0 JavaThread "Monitor Deflation Thread" daemon [_thread_blocked, id=8676, stack(0x000000dbfaa00000,0x000000dbfab00000)]
  0x00000257ff409560 JavaThread "C1 CompilerThread0" daemon [_thread_blocked, id=9952, stack(0x000000dbfab00000,0x000000dbfac00000)]
  0x00000257ff40ca10 JavaThread "Sweeper thread" daemon [_thread_blocked, id=8772, stack(0x000000dbfac00000,0x000000dbfad00000)]
  0x00000257fe939dd0 JavaThread "Common-Cleaner" daemon [_thread_blocked, id=9116, stack(0x000000dbfad00000,0x000000dbfae00000)]
  0x00000257ff50b010 JavaThread "C1 CompilerThread1" daemon [_thread_blocked, id=13752, stack(0x000000dbfae00000,0x000000dbfaf00000)]
  0x00000257ff605040 JavaThread "Notification Thread" daemon [_thread_blocked, id=8396, stack(0x000000dbfaf00000,0x000000dbfb000000)]
  0x00000257ffb52ce0 JavaThread "RMI TCP Accept-0" daemon [_thread_in_native, id=8372, stack(0x000000dbfb000000,0x000000dbfb100000)]
  0x00000257ffbe5e40 JavaThread "RMI TCP Accept-55566" daemon [_thread_in_native, id=13852, stack(0x000000dbfb100000,0x000000dbfb200000)]
  0x00000257ffbe8050 JavaThread "RMI TCP Accept-0" daemon [_thread_in_native, id=4280, stack(0x000000dbfb200000,0x000000dbfb300000)]
  0x00000257ffc208d0 JavaThread "C1 CompilerThread2" daemon [_thread_blocked, id=5496, stack(0x000000dbfb900000,0x000000dbfba00000)]
  0x00000257fffc0c70 JavaThread "Thread-0" [_thread_blocked, id=14160, stack(0x000000dbfba00000,0x000000dbfbb00000)]
=>0x00000257ffb052a0 JavaThread "restartedMain" [_thread_in_vm, id=11720, stack(0x000000dbfbb00000,0x000000dbfbc00000)]
  0x0000025784da24c0 JavaThread "RMI TCP Connection(1)-127.0.0.1" daemon [_thread_in_native, id=12108, stack(0x000000dbfbc00000,0x000000dbfbd00000)]
  0x0000025784e1bad0 JavaThread "RMI Scheduler(0)" daemon [_thread_blocked, id=9536, stack(0x000000dbfbd00000,0x000000dbfbe00000)]
  0x0000025784da2990 JavaThread "RMI TCP Connection(2)-127.0.0.1" daemon [_thread_in_native, id=10128, stack(0x000000dbfbe00000,0x000000dbfbf00000)]
  0x00000257fffce0c0 JavaThread "JMX server connection timeout 24" daemon [_thread_blocked, id=10676, stack(0x000000dbfbf00000,0x000000dbfc000000)]
  0x00000257fffcea60 JavaThread "Catalina-utility-1" [_thread_blocked, id=4824, stack(0x000000dbfc000000,0x000000dbfc100000)]
  0x00000257fffcef30 JavaThread "Catalina-utility-2" [_thread_blocked, id=11724, stack(0x000000dbfc100000,0x000000dbfc200000)]
  0x00000257fffcf400 JavaThread "container-0" [_thread_blocked, id=9368, stack(0x000000dbfc200000,0x000000dbfc300000)]
  0x00000257fffcd720 JavaThread "mysql-cj-abandoned-connection-cleanup" daemon [_thread_blocked, id=7188, stack(0x000000dbfc300000,0x000000dbfc400000)]
  0x00000257fffcf8d0 JavaThread "HikariPool-1 housekeeper" daemon [_thread_blocked, id=184, stack(0x000000dbfc500000,0x000000dbfc600000)]
  0x00000257fffcbf10 JavaThread "HikariPool-1 connection adder" daemon [_thread_blocked, id=1788, stack(0x000000dbfc600000,0x000000dbfc700000)]

Other Threads:
  0x00000257fe958e80 VMThread "VM Thread" [stack: 0x000000dbfa300000,0x000000dbfa400000] [id=9968]
  0x00000257f34605a0 WatcherThread [stack: 0x000000dbfb300000,0x000000dbfb400000] [id=11896]
  0x00000257f34bb0e0 GCTaskThread "GC Thread#0" [stack: 0x000000dbf9e00000,0x000000dbf9f00000] [id=9788]
  0x00000257ffd84e70 GCTaskThread "GC Thread#1" [stack: 0x000000dbfb400000,0x000000dbfb500000] [id=7084]
  0x00000257ffd85120 GCTaskThread "GC Thread#2" [stack: 0x000000dbfb500000,0x000000dbfb600000] [id=13380]
  0x00000257fff10150 GCTaskThread "GC Thread#3" [stack: 0x000000dbfb600000,0x000000dbfb700000] [id=13696]
  0x00000257f34cbb90 ConcurrentGCThread "G1 Main Marker" [stack: 0x000000dbf9f00000,0x000000dbfa000000] [id=8744]
  0x00000257f34cc350 ConcurrentGCThread "G1 Conc#0" [stack: 0x000000dbfa000000,0x000000dbfa100000] [id=12292]
  0x00000257f351da40 ConcurrentGCThread "G1 Refine#0" [stack: 0x000000dbfa100000,0x000000dbfa200000] [id=12764]
  0x00000257fff0f940 ConcurrentGCThread "G1 Refine#1" [stack: 0x000000dbfb700000,0x000000dbfb800000] [id=13428]
  0x00000257ffc20360 ConcurrentGCThread "G1 Refine#2" [stack: 0x000000dbfb800000,0x000000dbfb900000] [id=9164]
  0x00000257f351e210 ConcurrentGCThread "G1 Service" [stack: 0x000000dbfa200000,0x000000dbfa300000] [id=13360]

Threads with active compile tasks:

VM state: not at safepoint (normal execution)

VM Mutex/Monitor currently owned by a thread:  ([mutex/lock_event])
[0x00000257f345c390] Metaspace_lock - owner thread: 0x00000257ffb052a0

Heap address: 0x0000000081200000, size: 2030 MB, Compressed Oops mode: 32-bit

CDS archive(s) not mapped
Compressed class space mapped at: 0x0000000100000000-0x0000000140000000, reserved size: 1073741824
Narrow klass base: 0x0000000000000000, Narrow klass shift: 3, Narrow klass range: 0x140000000

GC Precious Log:
 CPUs: 4 total, 4 available
 Memory: 8114M
 Large Page Support: Disabled
 NUMA Support: Disabled
 Compressed Oops: Enabled (32-bit)
 Heap Region Size: 1M
 Heap Min Capacity: 8M
 Heap Initial Capacity: 128M
 Heap Max Capacity: 2030M
 Pre-touch: Disabled
 Parallel Workers: 4
 Concurrent Workers: 1
 Concurrent Refinement Workers: 4
 Periodic GC: Disabled

Heap:
 garbage-first heap   total 71680K, used 50837K [0x0000000081200000, 0x0000000100000000)
  region size 1024K, 32 young (32768K), 1 survivors (1024K)
 Metaspace       used 54103K, committed 54464K, reserved 1097728K
  class space    used 7096K, committed 7296K, reserved 1048576K

Heap Regions: E=young(eden), S=young(survivor), O=old, HS=humongous(starts), HC=humongous(continues), CS=collection set, F=free, OA=open archive, CA=closed archive, TAMS=top-at-mark-start (previous, next)
|   0|0x0000000081200000, 0x0000000081300000, 0x0000000081300000|100%|HS|  |TAMS 0x0000000081300000, 0x0000000081200000| Complete 
|   1|0x0000000081300000, 0x0000000081400000, 0x0000000081400000|100%| O|  |TAMS 0x0000000081400000, 0x0000000081300000| Untracked 
|   2|0x0000000081400000, 0x0000000081500000, 0x0000000081500000|100%| O|  |TAMS 0x0000000081500000, 0x0000000081400000| Untracked 
|   3|0x0000000081500000, 0x0000000081600000, 0x0000000081600000|100%| O|  |TAMS 0x0000000081600000, 0x0000000081500000| Untracked 
|   4|0x0000000081600000, 0x0000000081700000, 0x0000000081700000|100%| O|  |TAMS 0x0000000081700000, 0x0000000081600000| Untracked 
|   5|0x0000000081700000, 0x0000000081800000, 0x0000000081800000|100%| O|  |TAMS 0x0000000081800000, 0x0000000081700000| Untracked 
|   6|0x0000000081800000, 0x0000000081900000, 0x0000000081900000|100%| O|  |TAMS 0x0000000081800000, 0x0000000081800000| Untracked 
|   7|0x0000000081900000, 0x0000000081a00000, 0x0000000081a00000|100%| O|  |TAMS 0x0000000081a00000, 0x0000000081900000| Untracked 
|   8|0x0000000081a00000, 0x0000000081b00000, 0x0000000081b00000|100%| O|  |TAMS 0x0000000081b00000, 0x0000000081a00000| Untracked 
|   9|0x0000000081b00000, 0x0000000081c00000, 0x0000000081c00000|100%| O|  |TAMS 0x0000000081c00000, 0x0000000081b00000| Untracked 
|  10|0x0000000081c00000, 0x0000000081d00000, 0x0000000081d00000|100%| O|  |TAMS 0x0000000081cb5c00, 0x0000000081c00000| Untracked 
|  11|0x0000000081d00000, 0x0000000081e00000, 0x0000000081e00000|100%| O|  |TAMS 0x0000000081d00000, 0x0000000081d00000| Untracked 
|  12|0x0000000081e00000, 0x0000000081f00000, 0x0000000081f00000|100%| O|  |TAMS 0x0000000081e00000, 0x0000000081e00000| Untracked 
|  13|0x0000000081f00000, 0x0000000082000000, 0x0000000082000000|100%| O|  |TAMS 0x0000000081f00000, 0x0000000081f00000| Untracked 
|  14|0x0000000082000000, 0x0000000082000000, 0x0000000082100000|  0%| F|  |TAMS 0x0000000082000000, 0x0000000082000000| Untracked 
|  15|0x0000000082100000, 0x0000000082200000, 0x0000000082200000|100%| O|  |TAMS 0x0000000082100000, 0x0000000082100000| Untracked 
|  16|0x0000000082200000, 0x0000000082300000, 0x0000000082300000|100%| O|  |TAMS 0x0000000082200000, 0x0000000082200000| Untracked 
|  17|0x0000000082300000, 0x0000000082400000, 0x0000000082400000|100%| O|  |TAMS 0x0000000082300000, 0x0000000082300000| Untracked 
|  18|0x0000000082400000, 0x0000000082500000, 0x0000000082500000|100%| O|  |TAMS 0x0000000082400000, 0x0000000082400000| Untracked 
|  19|0x0000000082500000, 0x00000000825e1800, 0x0000000082600000| 88%| O|  |TAMS 0x0000000082500000, 0x0000000082500000| Untracked 
|  20|0x0000000082600000, 0x0000000082600000, 0x0000000082700000|  0%| F|  |TAMS 0x0000000082600000, 0x0000000082600000| Untracked 
|  21|0x0000000082700000, 0x0000000082700000, 0x0000000082800000|  0%| F|  |TAMS 0x0000000082700000, 0x0000000082700000| Untracked 
|  22|0x0000000082800000, 0x0000000082800000, 0x0000000082900000|  0%| F|  |TAMS 0x0000000082800000, 0x0000000082800000| Untracked 
|  23|0x0000000082900000, 0x0000000082900000, 0x0000000082a00000|  0%| F|  |TAMS 0x0000000082900000, 0x0000000082900000| Untracked 
|  24|0x0000000082a00000, 0x0000000082a00000, 0x0000000082b00000|  0%| F|  |TAMS 0x0000000082a00000, 0x0000000082a00000| Untracked 
|  25|0x0000000082b00000, 0x0000000082b00000, 0x0000000082c00000|  0%| F|  |TAMS 0x0000000082b00000, 0x0000000082b00000| Untracked 
|  26|0x0000000082c00000, 0x0000000082c00000, 0x0000000082d00000|  0%| F|  |TAMS 0x0000000082c00000, 0x0000000082c00000| Untracked 
|  27|0x0000000082d00000, 0x0000000082d00000, 0x0000000082e00000|  0%| F|  |TAMS 0x0000000082d00000, 0x0000000082d00000| Untracked 
|  28|0x0000000082e00000, 0x0000000082e00000, 0x0000000082f00000|  0%| F|  |TAMS 0x0000000082e00000, 0x0000000082e00000| Untracked 
|  29|0x0000000082f00000, 0x0000000082f00000, 0x0000000083000000|  0%| F|  |TAMS 0x0000000082f00000, 0x0000000082f00000| Untracked 
|  30|0x0000000083000000, 0x0000000083000000, 0x0000000083100000|  0%| F|  |TAMS 0x0000000083000000, 0x0000000083000000| Untracked 
|  31|0x0000000083100000, 0x0000000083100000, 0x0000000083200000|  0%| F|  |TAMS 0x0000000083100000, 0x0000000083100000| Untracked 
|  32|0x0000000083200000, 0x0000000083200000, 0x0000000083300000|  0%| F|  |TAMS 0x0000000083200000, 0x0000000083200000| Untracked 
|  33|0x0000000083300000, 0x0000000083300000, 0x0000000083400000|  0%| F|  |TAMS 0x0000000083300000, 0x0000000083300000| Untracked 
|  34|0x0000000083400000, 0x0000000083400000, 0x0000000083500000|  0%| F|  |TAMS 0x0000000083400000, 0x0000000083400000| Untracked 
|  35|0x0000000083500000, 0x0000000083500000, 0x0000000083600000|  0%| F|  |TAMS 0x0000000083500000, 0x0000000083500000| Untracked 
|  36|0x0000000083600000, 0x0000000083600000, 0x0000000083700000|  0%| F|  |TAMS 0x0000000083600000, 0x0000000083600000| Untracked 
|  37|0x0000000083700000, 0x0000000083700000, 0x0000000083800000|  0%| F|  |TAMS 0x0000000083700000, 0x0000000083700000| Untracked 
|  38|0x0000000083800000, 0x0000000083886e38, 0x0000000083900000| 52%| E|  |TAMS 0x0000000083800000, 0x0000000083800000| Complete 
|  39|0x0000000083900000, 0x0000000083a00000, 0x0000000083a00000|100%| E|CS|TAMS 0x0000000083900000, 0x0000000083900000| Complete 
|  40|0x0000000083a00000, 0x0000000083b00000, 0x0000000083b00000|100%| E|CS|TAMS 0x0000000083a00000, 0x0000000083a00000| Complete 
|  41|0x0000000083b00000, 0x0000000083c00000, 0x0000000083c00000|100%| E|CS|TAMS 0x0000000083b00000, 0x0000000083b00000| Complete 
|  42|0x0000000083c00000, 0x0000000083d00000, 0x0000000083d00000|100%| E|CS|TAMS 0x0000000083c00000, 0x0000000083c00000| Complete 
|  43|0x0000000083d00000, 0x0000000083e00000, 0x0000000083e00000|100%| E|CS|TAMS 0x0000000083d00000, 0x0000000083d00000| Complete 
|  44|0x0000000083e00000, 0x0000000083f00000, 0x0000000083f00000|100%| E|CS|TAMS 0x0000000083e00000, 0x0000000083e00000| Complete 
|  45|0x0000000083f00000, 0x0000000084000000, 0x0000000084000000|100%| E|CS|TAMS 0x0000000083f00000, 0x0000000083f00000| Complete 
|  46|0x0000000084000000, 0x0000000084100000, 0x0000000084100000|100%| E|CS|TAMS 0x0000000084000000, 0x0000000084000000| Complete 
|  47|0x0000000084100000, 0x0000000084200000, 0x0000000084200000|100%| E|CS|TAMS 0x0000000084100000, 0x0000000084100000| Complete 
|  48|0x0000000084200000, 0x0000000084300000, 0x0000000084300000|100%| E|CS|TAMS 0x0000000084200000, 0x0000000084200000| Complete 
|  49|0x0000000084300000, 0x0000000084400000, 0x0000000084400000|100%| E|CS|TAMS 0x0000000084300000, 0x0000000084300000| Complete 
|  50|0x0000000084400000, 0x0000000084500000, 0x0000000084500000|100%| E|CS|TAMS 0x0000000084400000, 0x0000000084400000| Complete 
|  51|0x0000000084500000, 0x0000000084600000, 0x0000000084600000|100%| E|CS|TAMS 0x0000000084500000, 0x0000000084500000| Complete 
|  52|0x0000000084600000, 0x0000000084700000, 0x0000000084700000|100%| E|CS|TAMS 0x0000000084600000, 0x0000000084600000| Complete 
|  53|0x0000000084700000, 0x0000000084800000, 0x0000000084800000|100%| E|CS|TAMS 0x0000000084700000, 0x0000000084700000| Complete 
|  54|0x0000000084800000, 0x0000000084900000, 0x0000000084900000|100%| E|CS|TAMS 0x0000000084800000, 0x0000000084800000| Complete 
|  55|0x0000000084900000, 0x0000000084a00000, 0x0000000084a00000|100%| E|CS|TAMS 0x0000000084900000, 0x0000000084900000| Complete 
|  56|0x0000000084a00000, 0x0000000084b00000, 0x0000000084b00000|100%| E|CS|TAMS 0x0000000084a00000, 0x0000000084a00000| Complete 
|  57|0x0000000084b00000, 0x0000000084c00000, 0x0000000084c00000|100%| E|CS|TAMS 0x0000000084b00000, 0x0000000084b00000| Complete 
|  58|0x0000000084c00000, 0x0000000084d00000, 0x0000000084d00000|100%| E|CS|TAMS 0x0000000084c00000, 0x0000000084c00000| Complete 
|  59|0x0000000084d00000, 0x0000000084e00000, 0x0000000084e00000|100%| E|CS|TAMS 0x0000000084d00000, 0x0000000084d00000| Complete 
|  60|0x0000000084e00000, 0x0000000084f00000, 0x0000000084f00000|100%| E|CS|TAMS 0x0000000084e00000, 0x0000000084e00000| Complete 
|  61|0x0000000084f00000, 0x0000000085000000, 0x0000000085000000|100%| E|CS|TAMS 0x0000000084f00000, 0x0000000084f00000| Complete 
|  62|0x0000000085000000, 0x0000000085100000, 0x0000000085100000|100%| E|CS|TAMS 0x0000000085000000, 0x0000000085000000| Complete 
|  63|0x0000000085100000, 0x0000000085200000, 0x0000000085200000|100%| E|CS|TAMS 0x0000000085100000, 0x0000000085100000| Complete 
|  64|0x0000000085200000, 0x0000000085300000, 0x0000000085300000|100%| E|CS|TAMS 0x0000000085200000, 0x0000000085200000| Complete 
|  65|0x0000000085300000, 0x0000000085400000, 0x0000000085400000|100%| E|CS|TAMS 0x0000000085300000, 0x0000000085300000| Complete 
|  66|0x0000000085400000, 0x0000000085500000, 0x0000000085500000|100%| E|CS|TAMS 0x0000000085400000, 0x0000000085400000| Complete 
| 124|0x0000000088e00000, 0x0000000088f00000, 0x0000000088f00000|100%| E|CS|TAMS 0x0000000088e00000, 0x0000000088e00000| Complete 
| 126|0x0000000089000000, 0x00000000890c3fc0, 0x0000000089100000| 76%| S|CS|TAMS 0x0000000089000000, 0x0000000089000000| Complete 
| 127|0x0000000089100000, 0x0000000089200000, 0x0000000089200000|100%| E|CS|TAMS 0x0000000089100000, 0x0000000089100000| Complete 

Card table byte_map: [0x00000257fbb90000,0x00000257fbf90000] _byte_map_base: 0x00000257fb787000

Marking Bits (Prev, Next): (CMBitMap*) 0x00000257f34bb4a0, (CMBitMap*) 0x00000257f34bb4e0
 Prev Bits: [0x00000257fc390000, 0x00000257fe348000)
 Next Bits: [0x0000025780000000, 0x0000025781fb8000)

Polling page: 0x00000257f32e0000

Metaspace:

Usage:
  Non-class:     45.90 MB used.
      Class:      6.93 MB used.
       Both:     52.84 MB used.

Virtual space:
  Non-class space:       48.00 MB reserved,      46.06 MB ( 96%) committed,  6 nodes.
      Class space:        1.00 GB reserved,       7.13 MB ( <1%) committed,  1 nodes.
             Both:        1.05 GB reserved,      53.19 MB (  5%) committed. 

Chunk freelists:
   Non-Class:  1.61 MB
       Class:  912.00 KB
        Both:  2.50 MB

MaxMetaspaceSize: unlimited
CompressedClassSpaceSize: 1.00 GB
Initial GC threshold: 21.00 MB
Current GC threshold: 59.50 MB
CDS: off
MetaspaceReclaimPolicy: balanced
 - commit_granule_bytes: 65536.
 - commit_granule_words: 8192.
 - virtual_space_node_default_size: 1048576.
 - enlarge_chunks_in_place: 1.
 - new_chunks_are_fully_committed: 0.
 - uncommit_free_chunks: 1.
 - use_allocation_guard: 0.
 - handle_deallocations: 1.


Internal statistics:

num_allocs_failed_limit: 6.
num_arena_births: 442.
num_arena_deaths: 0.
num_vsnodes_births: 7.
num_vsnodes_deaths: 0.
num_space_committed: 851.
num_space_uncommitted: 0.
num_chunks_returned_to_freelist: 6.
num_chunks_taken_from_freelist: 1981.
num_chunk_merges: 6.
num_chunk_splits: 1378.
num_chunks_enlarged: 1044.
num_purges: 0.
num_inconsistent_stats: 0.

CodeCache: size=49152Kb used=9164Kb max_used=9164Kb free=39987Kb
 bounds [0x00000257f82f0000, 0x00000257f8bf0000, 0x00000257fb2f0000]
 total_blobs=4956 nmethods=4339 adapters=542
 compilation: enabled
              stopped_count=0, restarted_count=0
 full_count=0

Compilation events (20 events):
Event: 3.975 Thread 0x00000257ff409560 4329       1       com.sun.crypto.provider.GaloisCounterMode$GCMDecrypt::doFinal (512 bytes)
Event: 3.975 Thread 0x00000257ff50b010 4330       1       java.nio.ByteBuffer::base (5 bytes)
Event: 3.975 Thread 0x00000257ff50b010 nmethod 4330 0x00000257f8bdad90 code [0x00000257f8bdaf20, 0x00000257f8bdaff8]
Event: 3.976 Thread 0x00000257ff50b010 4331   !   1       com.mysql.cj.protocol.a.NativeProtocol::readMessage (85 bytes)
Event: 3.976 Thread 0x00000257ff50b010 nmethod 4331 0x00000257f8bdb090 code [0x00000257f8bdb280, 0x00000257f8bdb648]
Event: 3.977 Thread 0x00000257ff409560 nmethod 4329 0x00000257f8bdba90 code [0x00000257f8bdbf00, 0x00000257f8bdd658]
Event: 3.984 Thread 0x00000257ff409560 4332       1       org.hibernate.service.spi.ServiceBinding::getService (5 bytes)
Event: 3.984 Thread 0x00000257ff409560 nmethod 4332 0x00000257f8bde590 code [0x00000257f8bde720, 0x00000257f8bde7f8]
Event: 4.012 Thread 0x00000257ffc208d0 4333       1       org.apache.logging.log4j.message.AbstractMessageFactory::<init> (5 bytes)
Event: 4.012 Thread 0x00000257ff50b010 4334       1       org.apache.logging.log4j.spi.AbstractLogger::narrow (21 bytes)
Event: 4.012 Thread 0x00000257ffc208d0 nmethod 4333 0x00000257f8bdf790 code [0x00000257f8bdf920, 0x00000257f8bdf9d8]
Event: 4.012 Thread 0x00000257ff50b010 nmethod 4334 0x00000257f8bdfa90 code [0x00000257f8bdfc40, 0x00000257f8bdfe28]
Event: 4.026 Thread 0x00000257ffc208d0 4335       1       org.hibernate.boot.internal.MetadataBuildingContextRootImpl::getBuildingOptions (5 bytes)
Event: 4.026 Thread 0x00000257ffc208d0 nmethod 4335 0x00000257f8be0210 code [0x00000257f8be03a0, 0x00000257f8be0478]
Event: 4.062 Thread 0x00000257ff409560 4336       1       net.bytebuddy.description.ModifierReviewable$AbstractBase::<init> (5 bytes)
Event: 4.063 Thread 0x00000257ff50b010 4337   !   1       java.util.AbstractList$Itr::next (46 bytes)
Event: 4.063 Thread 0x00000257ffc208d0 4338       1       java.util.AbstractList$Itr::checkForComodification (23 bytes)
Event: 4.063 Thread 0x00000257ff409560 nmethod 4336 0x00000257f8be0d90 code [0x00000257f8be0f20, 0x00000257f8be0fd8]
Event: 4.063 Thread 0x00000257ffc208d0 nmethod 4338 0x00000257f8be1090 code [0x00000257f8be1220, 0x00000257f8be1388]
Event: 4.063 Thread 0x00000257ff50b010 nmethod 4337 0x00000257f8be1490 code [0x00000257f8be1660, 0x00000257f8be1998]

GC Heap History (20 events):
Event: 0.904 GC heap before
{Heap before GC invocations=1 (full 0):
 garbage-first heap   total 131072K, used 17679K [0x0000000081200000, 0x0000000100000000)
  region size 1024K, 14 young (14336K), 2 survivors (2048K)
 Metaspace       used 15771K, committed 16000K, reserved 1064960K
  class space    used 1674K, committed 1792K, reserved 1048576K
}
Event: 0.907 GC heap after
{Heap after GC invocations=2 (full 0):
 garbage-first heap   total 131072K, used 7639K [0x0000000081200000, 0x0000000100000000)
  region size 1024K, 2 young (2048K), 2 survivors (2048K)
 Metaspace       used 15771K, committed 16000K, reserved 1064960K
  class space    used 1674K, committed 1792K, reserved 1048576K
}
Event: 1.208 GC heap before
{Heap before GC invocations=2 (full 0):
 garbage-first heap   total 131072K, used 27095K [0x0000000081200000, 0x0000000100000000)
  region size 1024K, 22 young (22528K), 2 survivors (2048K)
 Metaspace       used 20816K, committed 21120K, reserved 1073152K
  class space    used 2417K, committed 2560K, reserved 1048576K
}
Event: 1.212 GC heap after
{Heap after GC invocations=3 (full 0):
 garbage-first heap   total 131072K, used 9205K [0x0000000081200000, 0x0000000100000000)
  region size 1024K, 3 young (3072K), 3 survivors (3072K)
 Metaspace       used 20816K, committed 21120K, reserved 1073152K
  class space    used 2417K, committed 2560K, reserved 1048576K
}
Event: 1.223 GC heap before
{Heap before GC invocations=3 (full 0):
 garbage-first heap   total 131072K, used 11253K [0x0000000081200000, 0x0000000100000000)
  region size 1024K, 6 young (6144K), 3 survivors (3072K)
 Metaspace       used 21231K, committed 21504K, reserved 1073152K
  class space    used 2463K, committed 2624K, reserved 1048576K
}
Event: 1.226 GC heap after
{Heap after GC invocations=4 (full 0):
 garbage-first heap   total 131072K, used 9329K [0x0000000081200000, 0x0000000100000000)
  region size 1024K, 3 young (3072K), 3 survivors (3072K)
 Metaspace       used 21231K, committed 21504K, reserved 1073152K
  class space    used 2463K, committed 2624K, reserved 1048576K
}
Event: 1.467 GC heap before
{Heap before GC invocations=5 (full 0):
 garbage-first heap   total 40960K, used 30833K [0x0000000081200000, 0x0000000100000000)
  region size 1024K, 25 young (25600K), 3 survivors (3072K)
 Metaspace       used 25941K, committed 26176K, reserved 1073152K
  class space    used 3080K, committed 3200K, reserved 1048576K
}
Event: 1.472 GC heap after
{Heap after GC invocations=6 (full 0):
 garbage-first heap   total 40960K, used 10322K [0x0000000081200000, 0x0000000100000000)
  region size 1024K, 4 young (4096K), 4 survivors (4096K)
 Metaspace       used 25941K, committed 26176K, reserved 1073152K
  class space    used 3080K, committed 3200K, reserved 1048576K
}
Event: 1.488 GC heap before
{Heap before GC invocations=6 (full 0):
 garbage-first heap   total 40960K, used 10322K [0x0000000081200000, 0x0000000100000000)
  region size 1024K, 5 young (5120K), 4 survivors (4096K)
 Metaspace       used 26094K, committed 26304K, reserved 1073152K
  class space    used 3096K, committed 3200K, reserved 1048576K
}
Event: 1.493 GC heap after
{Heap after GC invocations=7 (full 0):
 garbage-first heap   total 40960K, used 10582K [0x0000000081200000, 0x0000000100000000)
  region size 1024K, 1 young (1024K), 1 survivors (1024K)
 Metaspace       used 26094K, committed 26304K, reserved 1073152K
  class space    used 3096K, committed 3200K, reserved 1048576K
}
Event: 1.731 GC heap before
{Heap before GC invocations=7 (full 0):
 garbage-first heap   total 40960K, used 27990K [0x0000000081200000, 0x0000000100000000)
  region size 1024K, 18 young (18432K), 1 survivors (1024K)
 Metaspace       used 27538K, committed 27840K, reserved 1081344K
  class space    used 3278K, committed 3392K, reserved 1048576K
}
Event: 1.734 GC heap after
{Heap after GC invocations=8 (full 0):
 garbage-first heap   total 74752K, used 11721K [0x0000000081200000, 0x0000000100000000)
  region size 1024K, 2 young (2048K), 2 survivors (2048K)
 Metaspace       used 27538K, committed 27840K, reserved 1081344K
  class space    used 3278K, committed 3392K, reserved 1048576K
}
Event: 2.533 GC heap before
{Heap before GC invocations=8 (full 0):
 garbage-first heap   total 74752K, used 53705K [0x0000000081200000, 0x0000000100000000)
  region size 1024K, 43 young (44032K), 2 survivors (2048K)
 Metaspace       used 32923K, committed 33216K, reserved 1081344K
  class space    used 4144K, committed 4288K, reserved 1048576K
}
Event: 2.540 GC heap after
{Heap after GC invocations=9 (full 0):
 garbage-first heap   total 74752K, used 15016K [0x0000000081200000, 0x0000000100000000)
  region size 1024K, 5 young (5120K), 5 survivors (5120K)
 Metaspace       used 32923K, committed 33216K, reserved 1081344K
  class space    used 4144K, committed 4288K, reserved 1048576K
}
Event: 2.868 GC heap before
{Heap before GC invocations=9 (full 0):
 garbage-first heap   total 74752K, used 37544K [0x0000000081200000, 0x0000000100000000)
  region size 1024K, 28 young (28672K), 5 survivors (5120K)
 Metaspace       used 36155K, committed 36416K, reserved 1081344K
  class space    used 4537K, committed 4672K, reserved 1048576K
}
Event: 2.876 GC heap after
{Heap after GC invocations=10 (full 0):
 garbage-first heap   total 74752K, used 17071K [0x0000000081200000, 0x0000000100000000)
  region size 1024K, 3 young (3072K), 3 survivors (3072K)
 Metaspace       used 36155K, committed 36416K, reserved 1081344K
  class space    used 4537K, committed 4672K, reserved 1048576K
}
Event: 3.590 GC heap before
{Heap before GC invocations=11 (full 0):
 garbage-first heap   total 71680K, used 55983K [0x0000000081200000, 0x0000000100000000)
  region size 1024K, 41 young (41984K), 3 survivors (3072K)
 Metaspace       used 48350K, committed 48704K, reserved 1097728K
  class space    used 6261K, committed 6400K, reserved 1048576K
}
Event: 3.595 GC heap after
{Heap after GC invocations=12 (full 0):
 garbage-first heap   total 71680K, used 19618K [0x0000000081200000, 0x0000000100000000)
  region size 1024K, 5 young (5120K), 5 survivors (5120K)
 Metaspace       used 48350K, committed 48704K, reserved 1097728K
  class space    used 6261K, committed 6400K, reserved 1048576K
}
Event: 3.623 GC heap before
{Heap before GC invocations=12 (full 0):
 garbage-first heap   total 71680K, used 20642K [0x0000000081200000, 0x0000000100000000)
  region size 1024K, 6 young (6144K), 5 survivors (5120K)
 Metaspace       used 48748K, committed 49088K, reserved 1097728K
  class space    used 6315K, committed 6464K, reserved 1048576K
}
Event: 3.629 GC heap after
{Heap after GC invocations=13 (full 0):
 garbage-first heap   total 71680K, used 20117K [0x0000000081200000, 0x0000000100000000)
  region size 1024K, 1 young (1024K), 1 survivors (1024K)
 Metaspace       used 48748K, committed 49088K, reserved 1097728K
  class space    used 6315K, committed 6464K, reserved 1048576K
}

Deoptimization events (12 events):
Event: 0.777 Thread 0x00000257f345f9a0 DEOPT PACKING pc=0x00000257f8523d75 sp=0x000000dbf9cfd830
Event: 0.777 Thread 0x00000257f345f9a0 DEOPT UNPACKING pc=0x00000257f8342b43 sp=0x000000dbf9cfcc88 mode 3
Event: 1.292 Thread 0x00000257ffb052a0 DEOPT PACKING pc=0x00000257f8812019 sp=0x000000dbfbbfcd70
Event: 1.292 Thread 0x00000257ffb052a0 DEOPT UNPACKING pc=0x00000257f8342b43 sp=0x000000dbfbbfc250 mode 3
Event: 2.062 Thread 0x00000257ffb052a0 DEOPT PACKING pc=0x00000257f8831b14 sp=0x000000dbfbbfd1b0
Event: 2.062 Thread 0x00000257ffb052a0 DEOPT UNPACKING pc=0x00000257f8342b43 sp=0x000000dbfbbfc708 mode 0
Event: 2.286 Thread 0x00000257ffb052a0 DEOPT PACKING pc=0x00000257f89db3f5 sp=0x000000dbfbbfc590
Event: 2.286 Thread 0x00000257ffb052a0 DEOPT UNPACKING pc=0x00000257f8342b43 sp=0x000000dbfbbfba00 mode 3
Event: 2.453 Thread 0x00000257ffb052a0 DEOPT PACKING pc=0x00000257f8892afd sp=0x000000dbfbbfbcb0
Event: 2.453 Thread 0x00000257ffb052a0 DEOPT UNPACKING pc=0x00000257f8342b43 sp=0x000000dbfbbfb218 mode 3
Event: 2.938 Thread 0x00000257ffb052a0 DEOPT PACKING pc=0x00000257f8852c05 sp=0x000000dbfbbf7020
Event: 2.938 Thread 0x00000257ffb052a0 DEOPT UNPACKING pc=0x00000257f8342b43 sp=0x000000dbfbbf6580 mode 3

Classes unloaded (0 events):
No events

Classes redefined (0 events):
No events

Internal exceptions (20 events):
Event: 2.492 Thread 0x00000257ffb052a0 Exception <a 'java/lang/NoSuchMethodError'{0x000000008343f340}: 'void java.lang.invoke.DelegatingMethodHandle$Holder.delegate(java.lang.Object, java.lang.Object, int, java.lang.Object)'> (0x000000008343f340) 
thrown [e:\jenkins\tmp\workspace\build\src\src\hotspot\share\interpreter\linkResolver.cpp, line 766]
Event: 2.522 Thread 0x00000257ffb052a0 Exception <a 'java/lang/NoSuchMethodError'{0x00000000833e3ab0}: 'void java.lang.invoke.DirectMethodHandle$Holder.invokeInterface(java.lang.Object, java.lang.Object, int)'> (0x00000000833e3ab0) 
thrown [e:\jenkins\tmp\workspace\build\src\src\hotspot\share\interpreter\linkResolver.cpp, line 766]
Event: 2.525 Thread 0x00000257ffb052a0 Exception <a 'java/lang/IncompatibleClassChangeError'{0x0000000083233bd8}: Found class java.lang.Object, but interface was expected> (0x0000000083233bd8) 
thrown [e:\jenkins\tmp\workspace\build\src\src\hotspot\share\interpreter\linkResolver.cpp, line 833]
Event: 2.525 Thread 0x00000257ffb052a0 Exception <a 'java/lang/NoSuchMethodError'{0x0000000083238d60}: 'void java.lang.invoke.DirectMethodHandle$Holder.invokeStatic(java.lang.Object, int, java.lang.Object)'> (0x0000000083238d60) 
thrown [e:\jenkins\tmp\workspace\build\src\src\hotspot\share\interpreter\linkResolver.cpp, line 766]
Event: 2.528 Thread 0x00000257ffb052a0 Exception <a 'java/lang/NoSuchMethodError'{0x0000000083268698}: 'int java.lang.invoke.DirectMethodHandle$Holder.invokeSpecial(java.lang.Object, java.lang.Object, int)'> (0x0000000083268698) 
thrown [e:\jenkins\tmp\workspace\build\src\src\hotspot\share\interpreter\linkResolver.cpp, line 766]
Event: 2.574 Thread 0x0000025784da2990 Exception <a 'java/lang/reflect/InvocationTargetException'{0x0000000088e8d878}> (0x0000000088e8d878) 
thrown [e:\jenkins\tmp\workspace\build\src\src\hotspot\share\runtime\reflection.cpp, line 1121]
Event: 2.700 Thread 0x00000257ffb052a0 Exception <a 'sun/nio/fs/WindowsException'{0x0000000084eb1330}> (0x0000000084eb1330) 
thrown [e:\jenkins\tmp\workspace\build\src\src\hotspot\share\prims\jni.cpp, line 516]
Event: 2.701 Thread 0x00000257ffb052a0 Exception <a 'sun/nio/fs/WindowsException'{0x0000000084eb6fa8}> (0x0000000084eb6fa8) 
thrown [e:\jenkins\tmp\workspace\build\src\src\hotspot\share\prims\jni.cpp, line 516]
Event: 2.701 Thread 0x00000257ffb052a0 Exception <a 'sun/nio/fs/WindowsException'{0x0000000084eb76e0}> (0x0000000084eb76e0) 
thrown [e:\jenkins\tmp\workspace\build\src\src\hotspot\share\prims\jni.cpp, line 516]
Event: 2.778 Thread 0x00000257ffb052a0 Exception <a 'java/io/FileNotFoundException'{0x000000008493ffd0}> (0x000000008493ffd0) 
thrown [e:\jenkins\tmp\workspace\build\src\src\hotspot\share\prims\jni.cpp, line 516]
Event: 2.800 Thread 0x00000257ffb052a0 Exception <a 'java/lang/NoSuchMethodError'{0x000000008488a528}: 'int java.lang.invoke.DirectMethodHandle$Holder.invokeInterface(java.lang.Object, java.lang.Object, java.lang.Object, java.lang.Object)'> (0x000000008488a528) 
thrown [e:\jenkins\tmp\workspace\build\src\src\hotspot\share\interpreter\linkResolver.cpp, line 766]
Event: 2.837 Thread 0x00000257ffb052a0 Exception <a 'java/lang/NoSuchMethodError'{0x000000008468b0d8}: 'long java.lang.invoke.DirectMethodHandle$Holder.invokeVirtual(java.lang.Object, java.lang.Object)'> (0x000000008468b0d8) 
thrown [e:\jenkins\tmp\workspace\build\src\src\hotspot\share\interpreter\linkResolver.cpp, line 766]
Event: 2.841 Thread 0x00000257ffb052a0 Exception <a 'java/io/FileNotFoundException'{0x00000000846bb208}> (0x00000000846bb208) 
thrown [e:\jenkins\tmp\workspace\build\src\src\hotspot\share\prims\jni.cpp, line 516]
Event: 2.938 Thread 0x00000257ffb052a0 Implicit null exception at 0x00000257f8852523 to 0x00000257f8852c00
Event: 3.120 Thread 0x0000025784da2990 Exception <a 'java/lang/reflect/InvocationTargetException'{0x0000000084882728}> (0x0000000084882728) 
thrown [e:\jenkins\tmp\workspace\build\src\src\hotspot\share\runtime\reflection.cpp, line 1121]
Event: 3.425 Thread 0x00000257ffb052a0 Exception <a 'sun/nio/fs/WindowsException'{0x0000000083371040}> (0x0000000083371040) 
thrown [e:\jenkins\tmp\workspace\build\src\src\hotspot\share\prims\jni.cpp, line 516]
Event: 3.432 Thread 0x00000257ffb052a0 Exception <a 'java/lang/NoSuchMethodError'{0x00000000833941a8}: 'int java.lang.invoke.DirectMethodHandle$Holder.invokeStaticInit(java.lang.Object, java.lang.Object, java.lang.Object, java.lang.Object)'> (0x00000000833941a8) 
thrown [e:\jenkins\tmp\workspace\build\src\src\hotspot\share\interpreter\linkResolver.cpp, line 766]
Event: 3.623 Thread 0x0000025784da2990 Exception <a 'java/lang/reflect/InvocationTargetException'{0x00000000891fe830}> (0x00000000891fe830) 
thrown [e:\jenkins\tmp\workspace\build\src\src\hotspot\share\runtime\reflection.cpp, line 1121]
Event: 3.656 Thread 0x00000257ffb052a0 Exception <a 'java/lang/NoSuchMethodError'{0x0000000088e51b70}: 'java.lang.Object java.lang.invoke.DirectMethodHandle$Holder.invokeStaticInit(java.lang.Object, java.lang.Object, java.lang.Object, java.lang.Object)'> (0x0000000088e51b70) 
thrown [e:\jenkins\tmp\workspace\build\src\src\hotspot\share\interpreter\linkResolver.cpp, line 766]
Event: 3.913 Thread 0x00000257ffb052a0 Exception <a 'java/lang/NoSuchMethodError'{0x000000008421da80}: 'java.lang.Object java.lang.invoke.DirectMethodHandle$Holder.newInvokeSpecial(java.lang.Object, java.lang.Object, int, java.lang.Object, java.lang.Object)'> (0x000000008421da80) 
thrown [e:\jenkins\tmp\workspace\build\src\src\hotspot\share\interpreter\linkResolver.cpp, line 766]

VM Operations (20 events):
Event: 2.843 Executing VM operation: HandshakeAllThreads
Event: 2.843 Executing VM operation: HandshakeAllThreads done
Event: 2.866 Executing VM operation: HandshakeAllThreads
Event: 2.866 Executing VM operation: HandshakeAllThreads done
Event: 2.868 Executing VM operation: CollectForMetadataAllocation
Event: 2.877 Executing VM operation: CollectForMetadataAllocation done
Event: 2.898 Executing VM operation: G1Concurrent
Event: 2.899 Executing VM operation: G1Concurrent done
Event: 2.912 Executing VM operation: G1Concurrent
Event: 2.912 Executing VM operation: G1Concurrent done
Event: 3.426 Executing VM operation: HandshakeAllThreads
Event: 3.426 Executing VM operation: HandshakeAllThreads done
Event: 3.429 Executing VM operation: HandshakeAllThreads
Event: 3.429 Executing VM operation: HandshakeAllThreads done
Event: 3.554 Executing VM operation: HandshakeAllThreads
Event: 3.554 Executing VM operation: HandshakeAllThreads done
Event: 3.589 Executing VM operation: G1CollectForAllocation
Event: 3.595 Executing VM operation: G1CollectForAllocation done
Event: 3.623 Executing VM operation: G1CollectForAllocation
Event: 3.629 Executing VM operation: G1CollectForAllocation done

Events (20 events):
Event: 3.862 loading class java/lang/StrictMath
Event: 3.863 loading class java/lang/StrictMath done
Event: 3.899 loading class java/io/InvalidObjectException
Event: 3.899 loading class java/io/InvalidObjectException done
Event: 3.907 loading class javax/naming/RefAddr
Event: 3.907 loading class javax/naming/RefAddr done
Event: 3.907 loading class javax/naming/StringRefAddr
Event: 3.907 loading class javax/naming/StringRefAddr done
Event: 3.930 loading class java/util/concurrent/CompletionStage
Event: 3.930 loading class java/util/concurrent/CompletionStage done
Event: 3.931 loading class java/util/concurrent/CompletableFuture
Event: 3.931 loading class java/util/concurrent/CompletableFuture done
Event: 3.932 loading class java/util/concurrent/CompletableFuture$AltResult
Event: 3.932 loading class java/util/concurrent/CompletableFuture$AltResult done
Event: 3.932 loading class java/util/concurrent/CompletableFuture$Completion
Event: 3.932 loading class java/util/concurrent/CompletableFuture$AsynchronousCompletionTask
Event: 3.932 loading class java/util/concurrent/CompletableFuture$AsynchronousCompletionTask done
Event: 3.932 loading class java/util/concurrent/ForkJoinTask
Event: 3.932 loading class java/util/concurrent/ForkJoinTask done
Event: 3.932 loading class java/util/concurrent/CompletableFuture$Completion done


Dynamic libraries:
0x00007ff7728f0000 - 0x00007ff7728fe000 	C:\Users\Soham Kulkarni.TCOGNITION\Downloads\sts-4.15.1.RELEASE\plugins\org.eclipse.justj.openjdk.hotspot.jre.full.win32.x86_64_17.0.3.v20220515-1416\jre\bin\javaw.exe
0x00007ffe955a0000 - 0x00007ffe95790000 	C:\Windows\SYSTEM32\ntdll.dll
0x00007ffe948a0000 - 0x00007ffe94952000 	C:\Windows\System32\KERNEL32.DLL
0x00007ffe925c0000 - 0x00007ffe92865000 	C:\Windows\System32\KERNELBASE.dll
0x00007ffe93250000 - 0x00007ffe9334a000 	C:\Windows\System32\ucrtbase.dll
0x00007ffe82830000 - 0x00007ffe82848000 	C:\Users\Soham Kulkarni.TCOGNITION\Downloads\sts-4.15.1.RELEASE\plugins\org.eclipse.justj.openjdk.hotspot.jre.full.win32.x86_64_17.0.3.v20220515-1416\jre\bin\jli.dll
0x00007ffe953c0000 - 0x00007ffe95554000 	C:\Windows\System32\USER32.dll
0x00007ffe93220000 - 0x00007ffe93241000 	C:\Windows\System32\win32u.dll
0x00007ffe94f20000 - 0x00007ffe94f46000 	C:\Windows\System32\GDI32.dll
0x00007ffe93460000 - 0x00007ffe935f8000 	C:\Windows\System32\gdi32full.dll
0x00007ffe92520000 - 0x00007ffe925be000 	C:\Windows\System32\msvcp_win.dll
0x00007ffe7f880000 - 0x00007ffe7f899000 	C:\Users\Soham Kulkarni.TCOGNITION\Downloads\sts-4.15.1.RELEASE\plugins\org.eclipse.justj.openjdk.hotspot.jre.full.win32.x86_64_17.0.3.v20220515-1416\jre\bin\VCRUNTIME140.dll
0x00007ffe85380000 - 0x00007ffe85604000 	C:\Windows\WinSxS\amd64_microsoft.windows.common-controls_6595b64144ccf1df_6.0.18362.1379_none_9e7ff3b3e45cc0c4\COMCTL32.dll
0x00007ffe94750000 - 0x00007ffe947ee000 	C:\Windows\System32\msvcrt.dll
0x00007ffe94230000 - 0x00007ffe94567000 	C:\Windows\System32\combase.dll
0x00007ffe949e0000 - 0x00007ffe94aff000 	C:\Windows\System32\RPCRT4.dll
0x00007ffe92870000 - 0x00007ffe928f1000 	C:\Windows\System32\bcryptPrimitives.dll
0x00007ffe94860000 - 0x00007ffe9488e000 	C:\Windows\System32\IMM32.DLL
0x00007ffe882f0000 - 0x00007ffe882fc000 	C:\Users\Soham Kulkarni.TCOGNITION\Downloads\sts-4.15.1.RELEASE\plugins\org.eclipse.justj.openjdk.hotspot.jre.full.win32.x86_64_17.0.3.v20220515-1416\jre\bin\vcruntime140_1.dll
0x00007ffe7f3c0000 - 0x00007ffe7f451000 	C:\Users\Soham Kulkarni.TCOGNITION\Downloads\sts-4.15.1.RELEASE\plugins\org.eclipse.justj.openjdk.hotspot.jre.full.win32.x86_64_17.0.3.v20220515-1416\jre\bin\msvcp140.dll
0x00007ffe47d80000 - 0x00007ffe489c8000 	C:\Users\Soham Kulkarni.TCOGNITION\Downloads\sts-4.15.1.RELEASE\plugins\org.eclipse.justj.openjdk.hotspot.jre.full.win32.x86_64_17.0.3.v20220515-1416\jre\bin\server\jvm.dll
0x00007ffe94ce0000 - 0x00007ffe94d83000 	C:\Windows\System32\ADVAPI32.dll
0x00007ffe94bd0000 - 0x00007ffe94c67000 	C:\Windows\System32\sechost.dll
0x00007ffe94cd0000 - 0x00007ffe94cd8000 	C:\Windows\System32\PSAPI.DLL
0x00007ffe82e10000 - 0x00007ffe82e19000 	C:\Windows\SYSTEM32\WSOCK32.dll
0x00007ffe947f0000 - 0x00007ffe9485f000 	C:\Windows\System32\WS2_32.dll
0x00007ffe90550000 - 0x00007ffe90574000 	C:\Windows\SYSTEM32\WINMM.dll
0x00007ffe8b9e0000 - 0x00007ffe8b9ea000 	C:\Windows\SYSTEM32\VERSION.dll
0x00007ffe90520000 - 0x00007ffe9054d000 	C:\Windows\SYSTEM32\WINMMBASE.dll
0x00007ffe93600000 - 0x00007ffe9364a000 	C:\Windows\System32\cfgmgr32.dll
0x00007ffe92490000 - 0x00007ffe924a1000 	C:\Windows\System32\kernel.appcore.dll
0x00007ffe7fb00000 - 0x00007ffe7fb0a000 	C:\Users\Soham Kulkarni.TCOGNITION\Downloads\sts-4.15.1.RELEASE\plugins\org.eclipse.justj.openjdk.hotspot.jre.full.win32.x86_64_17.0.3.v20220515-1416\jre\bin\jimage.dll
0x00007ffe81c60000 - 0x00007ffe81e54000 	C:\Windows\SYSTEM32\DBGHELP.DLL
0x00007ffe81bd0000 - 0x00007ffe81bfa000 	C:\Windows\SYSTEM32\dbgcore.DLL
0x00007ffe7ede0000 - 0x00007ffe7ee05000 	C:\Users\Soham Kulkarni.TCOGNITION\Downloads\sts-4.15.1.RELEASE\plugins\org.eclipse.justj.openjdk.hotspot.jre.full.win32.x86_64_17.0.3.v20220515-1416\jre\bin\java.dll
0x00007ffe7ef20000 - 0x00007ffe7ef38000 	C:\Users\Soham Kulkarni.TCOGNITION\Downloads\sts-4.15.1.RELEASE\plugins\org.eclipse.justj.openjdk.hotspot.jre.full.win32.x86_64_17.0.3.v20220515-1416\jre\bin\zip.dll
0x00007ffe93ad0000 - 0x00007ffe941b8000 	C:\Windows\System32\SHELL32.dll
0x00007ffe95310000 - 0x00007ffe953b7000 	C:\Windows\System32\shcore.dll
0x00007ffe92a70000 - 0x00007ffe931eb000 	C:\Windows\System32\windows.storage.dll
0x00007ffe92460000 - 0x00007ffe92483000 	C:\Windows\System32\profapi.dll
0x00007ffe924d0000 - 0x00007ffe9251a000 	C:\Windows\System32\powrprof.dll
0x00007ffe92450000 - 0x00007ffe92460000 	C:\Windows\System32\UMPDC.dll
0x00007ffe94ec0000 - 0x00007ffe94f12000 	C:\Windows\System32\shlwapi.dll
0x00007ffe92900000 - 0x00007ffe92917000 	C:\Windows\System32\cryptsp.dll
0x00007ffe7edc0000 - 0x00007ffe7edd9000 	C:\Users\Soham Kulkarni.TCOGNITION\Downloads\sts-4.15.1.RELEASE\plugins\org.eclipse.justj.openjdk.hotspot.jre.full.win32.x86_64_17.0.3.v20220515-1416\jre\bin\net.dll
0x00007ffe8d710000 - 0x00007ffe8d800000 	C:\Windows\SYSTEM32\WINHTTP.dll
0x00007ffe91c90000 - 0x00007ffe91cf7000 	C:\Windows\system32\mswsock.dll
0x00007ffe7cca0000 - 0x00007ffe7ccb5000 	C:\Users\Soham Kulkarni.TCOGNITION\Downloads\sts-4.15.1.RELEASE\plugins\org.eclipse.justj.openjdk.hotspot.jre.full.win32.x86_64_17.0.3.v20220515-1416\jre\bin\nio.dll
0x00007ffe846a0000 - 0x00007ffe846a9000 	C:\Users\Soham Kulkarni.TCOGNITION\Downloads\sts-4.15.1.RELEASE\plugins\org.eclipse.justj.openjdk.hotspot.jre.full.win32.x86_64_17.0.3.v20220515-1416\jre\bin\management.dll
0x00007ffe84430000 - 0x00007ffe8443b000 	C:\Users\Soham Kulkarni.TCOGNITION\Downloads\sts-4.15.1.RELEASE\plugins\org.eclipse.justj.openjdk.hotspot.jre.full.win32.x86_64_17.0.3.v20220515-1416\jre\bin\management_ext.dll
0x00007ffe7d010000 - 0x00007ffe7d026000 	C:\Windows\system32\napinsp.dll
0x00007ffe7cff0000 - 0x00007ffe7d00a000 	C:\Windows\system32\pnrpnsp.dll
0x00007ffe919e0000 - 0x00007ffe91aab000 	C:\Windows\SYSTEM32\DNSAPI.dll
0x00007ffe93650000 - 0x00007ffe93658000 	C:\Windows\System32\NSI.dll
0x00007ffe919a0000 - 0x00007ffe919da000 	C:\Windows\SYSTEM32\IPHLPAPI.DLL
0x00007ffe7cdd0000 - 0x00007ffe7cdde000 	C:\Windows\System32\winrnr.dll
0x00007ffe901b0000 - 0x00007ffe901cc000 	C:\Windows\system32\NLAapi.dll
0x00007ffe7cdb0000 - 0x00007ffe7cdc5000 	C:\Windows\system32\wshbth.dll
0x00007ffe84a00000 - 0x00007ffe84a0a000 	C:\Windows\System32\rasadhlp.dll
0x00007ffe8c9f0000 - 0x00007ffe8ca67000 	C:\Windows\System32\fwpuclnt.dll
0x00007ffe931f0000 - 0x00007ffe93216000 	C:\Windows\System32\bcrypt.dll
0x00007ffe91810000 - 0x00007ffe91843000 	C:\Windows\system32\rsaenh.dll
0x00007ffe92370000 - 0x00007ffe92395000 	C:\Windows\SYSTEM32\USERENV.dll
0x00007ffe91e60000 - 0x00007ffe91e6c000 	C:\Windows\SYSTEM32\CRYPTBASE.dll
0x00007ffe8c8b0000 - 0x00007ffe8c8c6000 	C:\Windows\SYSTEM32\dhcpcsvc6.DLL
0x00007ffe8c820000 - 0x00007ffe8c83c000 	C:\Windows\SYSTEM32\dhcpcsvc.DLL
0x00007ffe7faf0000 - 0x00007ffe7fb00000 	C:\Users\Soham Kulkarni.TCOGNITION\Downloads\sts-4.15.1.RELEASE\plugins\org.eclipse.justj.openjdk.hotspot.jre.full.win32.x86_64_17.0.3.v20220515-1416\jre\bin\verify.dll
0x00007ffe7f9b0000 - 0x00007ffe7f9be000 	C:\Users\Soham Kulkarni.TCOGNITION\Downloads\sts-4.15.1.RELEASE\plugins\org.eclipse.justj.openjdk.hotspot.jre.full.win32.x86_64_17.0.3.v20220515-1416\jre\bin\sunmscapi.dll
0x00007ffe92920000 - 0x00007ffe92a6a000 	C:\Windows\System32\CRYPT32.dll
0x00007ffe924b0000 - 0x00007ffe924c2000 	C:\Windows\System32\MSASN1.dll
0x00007ffe91f60000 - 0x00007ffe91f86000 	C:\Windows\SYSTEM32\ncrypt.dll
0x00007ffe91f20000 - 0x00007ffe91f5b000 	C:\Windows\SYSTEM32\NTASN1.dll

dbghelp: loaded successfully - version: 4.0.5 - missing functions: none
symbol engine: initialized successfully - sym options: 0x614 - pdb path: .;C:\Users\Soham Kulkarni.TCOGNITION\Downloads\sts-4.15.1.RELEASE\plugins\org.eclipse.justj.openjdk.hotspot.jre.full.win32.x86_64_17.0.3.v20220515-1416\jre\bin;C:\Windows\SYSTEM32;C:\Windows\WinSxS\amd64_microsoft.windows.common-controls_6595b64144ccf1df_6.0.18362.1379_none_9e7ff3b3e45cc0c4;C:\Users\Soham Kulkarni.TCOGNITION\Downloads\sts-4.15.1.RELEASE\plugins\org.eclipse.justj.openjdk.hotspot.jre.full.win32.x86_64_17.0.3.v20220515-1416\jre\bin\server

VM Arguments:
jvm_args: -Dcom.sun.management.jmxremote -Dcom.sun.management.jmxremote.port=55566 -Dcom.sun.management.jmxremote.authenticate=false -Dcom.sun.management.jmxremote.ssl=false -Djava.rmi.server.hostname=localhost -Dspring.jmx.enabled=true -Dspring.application.admin.enabled=true -XX:TieredStopAtLevel=1 -Dspring.boot.project.name=US_Staffing_repo -Dfile.encoding=UTF-8 -XX:+ShowCodeDetailsInExceptionMessages 
java_command: com.closure.UsStaffingAppDemoApplication --spring.output.ansi.enabled=always
java_class_path (initial): C:\Users\Soham Kulkarni.TCOGNITION\Desktop\Soham\Code\Git\US_Staffing_repo\target\classes;C:\Users\Soham Kulkarni.TCOGNITION\.m2\repository\org\springframework\boot\spring-boot-starter-data-jpa\2.7.5\spring-boot-starter-data-jpa-2.7.5.jar;C:\Users\Soham Kulkarni.TCOGNITION\.m2\repository\org\springframework\boot\spring-boot-starter-aop\2.7.5\spring-boot-starter-aop-2.7.5.jar;C:\Users\Soham Kulkarni.TCOGNITION\.m2\repository\org\aspectj\aspectjweaver\1.9.7\aspectjweaver-1.9.7.jar;C:\Users\Soham Kulkarni.TCOGNITION\.m2\repository\org\springframework\boot\spring-boot-starter-jdbc\2.7.5\spring-boot-starter-jdbc-2.7.5.jar;C:\Users\Soham Kulkarni.TCOGNITION\.m2\repository\com\zaxxer\HikariCP\4.0.3\HikariCP-4.0.3.jar;C:\Users\Soham Kulkarni.TCOGNITION\.m2\repository\org\springframework\spring-jdbc\5.3.23\spring-jdbc-5.3.23.jar;C:\Users\Soham Kulkarni.TCOGNITION\.m2\repository\jakarta\transaction\jakarta.transaction-api\1.3.3\jakarta.transaction-api-1.3.3.jar;C:\Users\Soham Kulkarni.TCOGNITION\.m2\repository\jakarta\persistence\jakarta.persistence-api\2.2.3\jakarta.persistence-api-2.2.3.jar;C:\Users\Soham Kulkarni.TCOGNITION\.m2\repository\org\hibernate\hibernate-core\5.6.12.Final\hibernate-core-5.6.12.Final.jar;C:\Users\Soham Kulkarni.TCOGNITION\.m2\repository\org\jboss\logging\jboss-logging\3.4.3.Final\jboss-logging-3.4.3.Final.jar;C:\Users\Soham Kulkarni.TCOGNITION\.m2\repository\net\bytebuddy\byte-buddy\1.12.18\byte-buddy-1.12.18.jar;C:\Users\Soham Kulkarni.TCOGNITION\.m2\repository\antlr\antlr\2.7.7\antlr-2.7.7.jar;C:\Users\Soham Kulkarni.TCOGNITION\.m2\repository\org\jboss\jandex\2.4.2.Final\jandex-2.4.2.Final.jar;C:\Users\Soham Kulkarni.TCOGNITION\.m2\repository\com\fasterxml\classmate\1.5.1\classmate-1.5.1.jar;C:\Users\Soham Kulkarni.TCOGNITION\.m2\repository\org\hibernate\common\hibernate-commons-annotations\5.1.2.Final\hibernate-commons-annotations-5.1.2.Final.jar;C:\Users\Soham Kulkarni.TCOGNITION\.m2\repository\org\glassfish\jaxb\jax
Launcher Type: SUN_STANDARD

[Global flags]
     intx CICompilerCount                          = 3                                         {product} {ergonomic}
     uint ConcGCThreads                            = 1                                         {product} {ergonomic}
     uint G1ConcRefinementThreads                  = 4                                         {product} {ergonomic}
   size_t G1HeapRegionSize                         = 1048576                                   {product} {ergonomic}
    uintx GCDrainStackTargetSize                   = 64                                        {product} {ergonomic}
   size_t InitialHeapSize                          = 134217728                                 {product} {ergonomic}
     bool ManagementServer                         = true                                      {product} {command line}
   size_t MarkStackSize                            = 4194304                                   {product} {ergonomic}
   size_t MaxHeapSize                              = 2128609280                                {product} {ergonomic}
   size_t MaxNewSize                               = 1277165568                                {product} {ergonomic}
   size_t MinHeapDeltaBytes                        = 1048576                                   {product} {ergonomic}
   size_t MinHeapSize                              = 8388608                                   {product} {ergonomic}
    uintx NonProfiledCodeHeapSize                  = 0                                      {pd product} {ergonomic}
     bool ProfileInterpreter                       = false                                  {pd product} {command line}
    uintx ProfiledCodeHeapSize                     = 0                                      {pd product} {ergonomic}
     bool ShowCodeDetailsInExceptionMessages       = true                                   {manageable} {command line}
   size_t SoftMaxHeapSize                          = 2128609280                             {manageable} {ergonomic}
     intx TieredStopAtLevel                        = 1                                         {product} {command line}
     bool UseCompressedClassPointers               = true                           {product lp64_product} {ergonomic}
     bool UseCompressedOops                        = true                           {product lp64_product} {ergonomic}
     bool UseG1GC                                  = true                                      {product} {ergonomic}
     bool UseLargePagesIndividualAllocation        = false                                  {pd product} {ergonomic}

Logging:
Log output configuration:
 #0: stdout all=warning uptime,level,tags
 #1: stderr all=off uptime,level,tags

Environment Variables:
JAVA_HOME=C:\Program Files\Java\jdk1.8.0_333
PATH=C:/Users/Soham Kulkarni.TCOGNITION/Downloads/sts-4.15.1.RELEASE//plugins/org.eclipse.justj.openjdk.hotspot.jre.full.win32.x86_64_17.0.3.v20220515-1416/jre/bin/server;C:/Users/Soham Kulkarni.TCOGNITION/Downloads/sts-4.15.1.RELEASE//plugins/org.eclipse.justj.openjdk.hotspot.jre.full.win32.x86_64_17.0.3.v20220515-1416/jre/bin;C:\Python310\Scripts\;C:\Python310\;C:\Program Files (x86)\Common Files\Oracle\Java\javapath;C:\Windows\system32;C:\Windows;C:\Windows\System32\Wbem;C:\Windows\System32\WindowsPowerShell\v1.0\;C:\Windows\System32\OpenSSH\;C:\Program Files\Java\jdk1.8.0_333\bin;C:\Program Files\dotnet\;C:\Program Files\nodejs\;C:\ProgramData\chocolatey\bin;C:\Users\Soham Kulkarni.TCOGNITION\AppData\Local\Microsoft\WindowsApps;C:\Users\Soham Kulkarni.TCOGNITION\Desktop\Soham\Extract\apache-maven-3.8.6\bin;C:\Users\Soham Kulkarni.TCOGNITION\AppData\Local\Programs\Git\cmd;C:\Users\Soham Kulkarni.TCOGNITION\AppData\Local\Programs\Microsoft VS Code\bin;C:\Users\Soham Kulkarni.TCOGNITION\AppData\Roaming\npm;C:\Program Files\heroku\bin;;C:\Users\Soham Kulkarni.TCOGNITION\Downloads\sts-4.15.1.RELEASE;
USERNAME=Soham Kulkarni
OS=Windows_NT
PROCESSOR_IDENTIFIER=Intel64 Family 6 Model 60 Stepping 3, GenuineIntel



---------------  S Y S T E M  ---------------

OS:
 Windows 10 , 64 bit Build 18362 (10.0.18362.1350)
OS uptime: 4 days 6:33 hours

CPU: total 4 (initial active 4) (2 cores per cpu, 2 threads per core) family 6 model 60 stepping 3 microcode 0x25, cx8, cmov, fxsr, ht, mmx, sse, sse2, sse3, ssse3, sse4.1, sse4.2, popcnt, lzcnt, tsc, tscinvbit, avx, avx2, aes, erms, clmul, bmi1, bmi2, fma, vzeroupper, clflush

Memory: 4k page, system-wide physical 8114M (888M free)
TotalPageFile size 10210M (AvailPageFile size 71M)
current process WorkingSet (physical memory assigned to process): 190M, peak: 190M
current process commit charge ("private bytes"): 215M, peak: 223M

vm_info: OpenJDK 64-Bit Server VM (17.0.3+7) for windows-amd64 JRE (17.0.3+7), built on Apr 19 2022 16:55:35 by "" with MS VC++ 16.7 (VS2019)

END.
